# JRE version: Java(TM) SE Runtime Environment (19.0.2+7) (build 19.0.2+7-44)
# Java VM: Java HotSpot(TM) 64-Bit Server VM (19.0.2+7-44, mixed mode, sharing, tiered, compressed oops, compressed class ptrs, g1 gc, windows-amd64)
GC Precious Log:
 CardTable entry size: 512
 Card Set container configuration: InlinePtr #cards 5 size 8 Array Of Cards #cards 12 size 40 Howl #buckets 4 coarsen threshold 1843 Howl Bitmap #cards 512 size 80 coarsen threshold 460 Card regions per heap region 1 cards per card region 2048
 CPUs: 8 total, 8 available
 Memory: 7883M
 Large Page Support: Disabled
 NUMA Support: Disabled
 Compressed Oops: Enabled (32-bit)
 Heap Region Size: 1M
 Heap Min Capacity: 8M
 Heap Initial Capacity: 124M
 Heap Max Capacity: 1972M
 Pre-touch: Disabled
 Parallel Workers: 8
 Concurrent Workers: 2
 Concurrent Refinement Workers: 8
 Periodic GC: Disabled
Heap:
 garbage-first heap   total 75776K, used 34423K [0x0000000084c00000, 0x0000000100000000)
  region size 1024K, 12 young (12288K), 3 survivors (3072K)
 Metaspace       used 51116K, committed 51520K, reserved 1114112K
  class space    used 6685K, committed 6912K, reserved 1048576K
GC Heap History (20 events):
Event: 0.755 GC heap before
{Heap before GC invocations=1 (full 0):
 garbage-first heap   total 126976K, used 36224K [0x0000000084c00000, 0x0000000100000000)
  region size 1024K, 31 young (31744K), 3 survivors (3072K)
 Metaspace       used 13542K, committed 13824K, reserved 1114112K
  class space    used 1728K, committed 1856K, reserved 1048576K
}
Event: 0.758 GC heap after
{Heap after GC invocations=2 (full 0):
 garbage-first heap   total 126976K, used 9819K [0x0000000084c00000, 0x0000000100000000)
  region size 1024K, 3 young (3072K), 3 survivors (3072K)
 Metaspace       used 13542K, committed 13824K, reserved 1114112K
  class space    used 1728K, committed 1856K, reserved 1048576K
}
Event: 1.153 GC heap before
{Heap before GC invocations=2 (full 0):
 garbage-first heap   total 126976K, used 53851K [0x0000000084c00000, 0x0000000100000000)
  region size 1024K, 48 young (49152K), 3 survivors (3072K)
 Metaspace       used 21264K, committed 21504K, reserved 1114112K
  class space    used 2589K, committed 2752K, reserved 1048576K
}
Event: 1.158 GC heap after
{Heap after GC invocations=3 (full 0):
 garbage-first heap   total 126976K, used 12619K [0x0000000084c00000, 0x0000000100000000)
  region size 1024K, 5 young (5120K), 5 survivors (5120K)
 Metaspace       used 21264K, committed 21504K, reserved 1114112K
  class space    used 2589K, committed 2752K, reserved 1048576K
}
Event: 1.516 GC heap before
{Heap before GC invocations=4 (full 0):
 garbage-first heap   total 48128K, used 36171K [0x0000000084c00000, 0x0000000100000000)
  region size 1024K, 28 young (28672K), 5 survivors (5120K)
 Metaspace       used 25294K, committed 25664K, reserved 1114112K
  class space    used 3143K, committed 3328K, reserved 1048576K
}
Event: 1.524 GC heap after
{Heap after GC invocations=5 (full 0):
 garbage-first heap   total 48128K, used 14779K [0x0000000084c00000, 0x0000000100000000)
  region size 1024K, 3 young (3072K), 3 survivors (3072K)
 Metaspace       used 25294K, committed 25664K, reserved 1114112K
  class space    used 3143K, committed 3328K, reserved 1048576K
}
Event: 1.541 GC heap before
{Heap before GC invocations=5 (full 0):
 garbage-first heap   total 48128K, used 15803K [0x0000000084c00000, 0x0000000100000000)
  region size 1024K, 4 young (4096K), 3 survivors (3072K)
 Metaspace       used 25446K, committed 25728K, reserved 1114112K
  class space    used 3167K, committed 3328K, reserved 1048576K
}
Event: 1.545 GC heap after
{Heap after GC invocations=6 (full 0):
 garbage-first heap   total 48128K, used 15218K [0x0000000084c00000, 0x0000000100000000)
  region size 1024K, 1 young (1024K), 1 survivors (1024K)
 Metaspace       used 25446K, committed 25728K, reserved 1114112K
  class space    used 3167K, committed 3328K, reserved 1048576K
}
Event: 1.771 GC heap before
{Heap before GC invocations=6 (full 0):
 garbage-first heap   total 48128K, used 31602K [0x0000000084c00000, 0x0000000100000000)
  region size 1024K, 18 young (18432K), 1 survivors (1024K)
 Metaspace       used 27542K, committed 27904K, reserved 1114112K
  class space    used 3422K, committed 3584K, reserved 1048576K
}
Event: 1.774 GC heap after
{Heap after GC invocations=7 (full 0):
 garbage-first heap   total 75776K, used 17045K [0x0000000084c00000, 0x0000000100000000)
  region size 1024K, 3 young (3072K), 3 survivors (3072K)
 Metaspace       used 27542K, committed 27904K, reserved 1114112K
  class space    used 3422K, committed 3584K, reserved 1048576K
}
Event: 2.266 GC heap before
{Heap before GC invocations=7 (full 0):
 garbage-first heap   total 75776K, used 50837K [0x0000000084c00000, 0x0000000100000000)
  region size 1024K, 37 young (37888K), 3 survivors (3072K)
 Metaspace       used 31763K, committed 32064K, reserved 1114112K
  class space    used 3938K, committed 4096K, reserved 1048576K
}
Event: 2.274 GC heap after
{Heap after GC invocations=8 (full 0):
 garbage-first heap   total 75776K, used 19940K [0x0000000084c00000, 0x0000000100000000)
  region size 1024K, 5 young (5120K), 5 survivors (5120K)
 Metaspace       used 31763K, committed 32064K, reserved 1114112K
  class space    used 3938K, committed 4096K, reserved 1048576K
}
Event: 2.519 GC heap before
{Heap before GC invocations=8 (full 0):
 garbage-first heap   total 75776K, used 32228K [0x0000000084c00000, 0x0000000100000000)
  region size 1024K, 18 young (18432K), 5 survivors (5120K)
 Metaspace       used 35620K, committed 35968K, reserved 1114112K
  class space    used 4572K, committed 4736K, reserved 1048576K
}
Event: 2.528 GC heap after
{Heap after GC invocations=9 (full 0):
 garbage-first heap   total 75776K, used 20932K [0x0000000084c00000, 0x0000000100000000)
  region size 1024K, 1 young (1024K), 1 survivors (1024K)
 Metaspace       used 35620K, committed 35968K, reserved 1114112K
  class space    used 4572K, committed 4736K, reserved 1048576K
}
Event: 3.109 GC heap before
{Heap before GC invocations=10 (full 0):
 garbage-first heap   total 75776K, used 55748K [0x0000000084c00000, 0x0000000100000000)
  region size 1024K, 35 young (35840K), 1 survivors (1024K)
 Metaspace       used 45050K, committed 45440K, reserved 1114112K
  class space    used 5844K, committed 6016K, reserved 1048576K
}
Event: 3.114 GC heap after
{Heap after GC invocations=11 (full 0):
 garbage-first heap   total 75776K, used 23666K [0x0000000084c00000, 0x0000000100000000)
  region size 1024K, 4 young (4096K), 4 survivors (4096K)
 Metaspace       used 45050K, committed 45440K, reserved 1114112K
  class space    used 5844K, committed 6016K, reserved 1048576K
}
Event: 3.126 GC heap before
{Heap before GC invocations=11 (full 0):
 garbage-first heap   total 75776K, used 24690K [0x0000000084c00000, 0x0000000100000000)
  region size 1024K, 5 young (5120K), 4 survivors (4096K)
 Metaspace       used 45200K, committed 45568K, reserved 1114112K
  class space    used 5873K, committed 6080K, reserved 1048576K
}
Event: 3.130 GC heap after
{Heap after GC invocations=12 (full 0):
 garbage-first heap   total 75776K, used 24029K [0x0000000084c00000, 0x0000000100000000)
  region size 1024K, 1 young (1024K), 1 survivors (1024K)
 Metaspace       used 45200K, committed 45568K, reserved 1114112K
  class space    used 5873K, committed 6080K, reserved 1048576K
}
Event: 3.592 GC heap before
{Heap before GC invocations=12 (full 0):
 garbage-first heap   total 75776K, used 55773K [0x0000000084c00000, 0x0000000100000000)
  region size 1024K, 33 young (33792K), 1 survivors (1024K)
 Metaspace       used 50444K, committed 50880K, reserved 1114112K
  class space    used 6578K, committed 6784K, reserved 1048576K
}
Event: 3.597 GC heap after
{Heap after GC invocations=13 (full 0):
 garbage-first heap   total 75776K, used 26231K [0x0000000084c00000, 0x0000000100000000)
  region size 1024K, 3 young (3072K), 3 survivors (3072K)
 Metaspace       used 50444K, committed 50880K, reserved 1114112K
  class space    used 6578K, committed 6784K, reserved 1048576K
}

